eaon-blog2025-10-31 11:52:40.943	[31merror[0m	/Users/eaon/learn/academic-assignments/gin-blog-go/server/api/User.go:44	æ³¨å†Œå¤±è´¥!
eaon-blog2025-10-31 11:57:38.115	[31merror[0m	/Users/eaon/learn/academic-assignments/gin-blog-go/server/api/User.go:45	æ³¨å†Œå¤±è´¥!
eaon-blog2025-10-31 11:57:42.349	[31merror[0m	/Users/eaon/learn/academic-assignments/gin-blog-go/server/api/User.go:45	æ³¨å†Œå¤±è´¥!
eaon-blog2025-10-31 13:06:28.221	[31merror[0m	/Users/eaon/learn/academic-assignments/gin-blog-go/server/api/User.go:45	æ³¨å†Œå¤±è´¥!
eaon-blog2025-10-31 13:22:34.315	[31merror[0m	/Users/eaon/learn/academic-assignments/gin-blog-go/utils/jwt.go:34	é‡æ–°å†™å…¥cookie tokenå¤±è´¥,æœªèƒ½æˆåŠŸè§£ætoken,è¯·æ£€æŸ¥è¯·æ±‚å¤´æ˜¯å¦å­˜åœ¨x-tokenä¸”claimsæ˜¯å¦ä¸ºè§„å®šç»“æ„
eaon-blog2025-10-31 13:24:17.572	[31merror[0m	/Users/eaon/learn/academic-assignments/gin-blog-go/utils/jwt.go:35	é‡æ–°å†™å…¥cookie tokenå¤±è´¥,æœªèƒ½æˆåŠŸè§£ætoken,è¯·æ£€æŸ¥è¯·æ±‚å¤´æ˜¯å¦å­˜åœ¨x-tokenä¸”claimsæ˜¯å¦ä¸ºè§„å®šç»“æ„
eaon-blog2025-10-31 15:22:46.536	[31merror[0m	/Users/eaon/learn/academic-assignments/gin-blog-go/server/api/Post.go:44	chainæœ‰é—®é¢˜ï¼Œæ›´æ–°postå¤±è´¥ï¼Œè¯·é‡æ–°ç™»å½•!
eaon-blog2025-10-31 15:23:46.426	[31merror[0m	/Users/eaon/learn/academic-assignments/gin-blog-go/server/api/Post.go:52	å½“å‰ç”¨æˆ·ä¸æ˜¯æ–‡ç« çš„ä½œè€…!
eaon-blog2025-10-31 15:25:18.514	[31merror[0m	/Users/eaon/learn/academic-assignments/gin-blog-go/server/api/Post.go:52	å½“å‰ç”¨æˆ·ä¸æ˜¯æ–‡ç« çš„ä½œè€…!
eaon-blog2025-10-31 15:25:50.671	[31merror[0m	/Users/eaon/learn/academic-assignments/gin-blog-go/server/api/Post.go:53	å½“å‰ç”¨æˆ·ä¸æ˜¯æ–‡ç« çš„ä½œè€…!
eaon-blog2025-10-31 15:27:13.294	[31merror[0m	/Users/eaon/learn/academic-assignments/gin-blog-go/server/api/Post.go:53	å½“å‰ç”¨æˆ·ä¸æ˜¯æ–‡ç« çš„ä½œè€…!
eaon-blog2025-10-31 15:33:38.333	[31merror[0m	/Users/eaon/learn/academic-assignments/gin-blog-go/server/api/Post.go:79	åˆ é™¤Postå¤±è´¥!	{"error": "WHERE conditions required"}
eaon-blog2025-10-31 15:34:21.555	[31merror[0m	/Users/eaon/learn/academic-assignments/gin-blog-go/server/api/Post.go:79	åˆ é™¤Postå¤±è´¥!	{"error": "WHERE conditions required"}
eaon-blog2025-10-31 15:38:31.960	[31merror[0m	/Users/eaon/learn/academic-assignments/gin-blog-go/server/api/Post.go:24	åˆ›å»ºæ–‡ç« ï¼Œæ ‡é¢˜å’Œå†…å®¹ä¸èƒ½ä¸ºç©º
eaon-blog2025-10-31 15:49:53.107	[31merror[0m	/Users/eaon/learn/academic-assignments/gin-blog-go/server/api/Comment.go:19	è·å–Articleå¤±è´¥!	{"error": "Error 1064 (42000): You have an error in your SQL syntax; check the manual that corresponds to your MySQL server version for the right syntax to use near 'AND `comments`.`deleted_at` IS NULL' at line 1"}
eaon-blog2025-10-31 16:13:40.966	[31merror[0m	/Users/eaon/learn/academic-assignments/gin-blog-go/server/api/Comment.go:37	è¯„è®ºä¸èƒ½ä¸ºç©º
eaon-blog2025-10-31 16:14:26.961	[31merror[0m	/Users/eaon/learn/academic-assignments/gin-blog-go/server/api/Comment.go:37	è¯„è®ºä¸èƒ½ä¸ºç©º
eaon-blog2025-10-31 16:15:41.621	[31merror[0m	/Users/eaon/learn/academic-assignments/gin-blog-go/server/api/Comment.go:38	è¯„è®ºä¸èƒ½ä¸ºç©º
eaon-blog2025-10-31 16:16:40.701	[31merror[0m	/Users/eaon/learn/academic-assignments/gin-blog-go/server/api/Comment.go:48	åˆ›å»ºPostå¤±è´¥!	{"error": "sql: converting argument $5 type: unsupported type blog.User, a struct"}
eaon-blog2025-10-31 16:18:35.200	[31merror[0m	/Users/eaon/learn/academic-assignments/gin-blog-go/server/api/Comment.go:49	åˆ›å»ºPostå¤±è´¥!	{"error": "sql: converting argument $5 type: unsupported type blog.User, a struct"}
eaon-blog2025-10-31 16:21:20.044	[31merror[0m	/Users/eaon/learn/academic-assignments/gin-blog-go/utils/jwt.go:35	é‡æ–°å†™å…¥cookie tokenå¤±è´¥,æœªèƒ½æˆåŠŸè§£ætoken,è¯·æ£€æŸ¥è¯·æ±‚å¤´æ˜¯å¦å­˜åœ¨x-tokenä¸”claimsæ˜¯å¦ä¸ºè§„å®šç»“æ„
eaon-blog2025-10-31 16:37:09.527	[31merror[0m	/Users/eaon/learn/academic-assignments/gin-blog-go/server/api/Comment.go:38	è¯„è®ºä¸èƒ½ä¸ºç©º
eaon-blog2025-10-31 16:40:42.091	[31merror[0m	/Users/eaon/learn/academic-assignments/gin-blog-go/utils/jwt.go:35	é‡æ–°å†™å…¥cookie tokenå¤±è´¥,æœªèƒ½æˆåŠŸè§£ætoken,è¯·æ£€æŸ¥è¯·æ±‚å¤´æ˜¯å¦å­˜åœ¨x-tokenä¸”claimsæ˜¯å¦ä¸ºè§„å®šç»“æ„
eaon-blog2025-10-31 16:40:45.032	[31merror[0m	/Users/eaon/learn/academic-assignments/gin-blog-go/utils/jwt.go:35	é‡æ–°å†™å…¥cookie tokenå¤±è´¥,æœªèƒ½æˆåŠŸè§£ætoken,è¯·æ£€æŸ¥è¯·æ±‚å¤´æ˜¯å¦å­˜åœ¨x-tokenä¸”claimsæ˜¯å¦ä¸ºè§„å®šç»“æ„
eaon-blog2025-10-31 16:40:57.618	[31merror[0m	/Users/eaon/learn/academic-assignments/gin-blog-go/utils/jwt.go:35	é‡æ–°å†™å…¥cookie tokenå¤±è´¥,æœªèƒ½æˆåŠŸè§£ætoken,è¯·æ£€æŸ¥è¯·æ±‚å¤´æ˜¯å¦å­˜åœ¨x-tokenä¸”claimsæ˜¯å¦ä¸ºè§„å®šç»“æ„
